This file contains any messages produced by compilers while
running configure, to aid debugging if configure makes a mistake.

It was created by rpiclient configure 0.1, which was
generated by GNU Autoconf 2.69.  Invocation command line was

  $ ./configure 

## --------- ##
## Platform. ##
## --------- ##

hostname = debtux
uname -m = x86_64
uname -r = 4.9.0-10-amd64
uname -s = Linux
uname -v = #1 SMP Debian 4.9.185-1 (2019-07-21)

/usr/bin/uname -p = unknown
/bin/uname -X     = unknown

/bin/arch              = unknown
/usr/bin/arch -k       = unknown
/usr/convex/getsysinfo = unknown
/usr/bin/hostinfo      = unknown
/bin/machine           = unknown
/usr/bin/oslevel       = unknown
/bin/universe          = unknown

PATH: /home/vroncevic/bin
PATH: /opt/forticlient-sslvpn/64bit
PATH: /usr/local/bin
PATH: /usr/bin
PATH: /bin
PATH: /usr/local/games
PATH: /usr/games
PATH: /home/vroncevic/.local/bin/


## ----------- ##
## Core tests. ##
## ----------- ##

configure:2501: checking for a BSD-compatible install
configure:2569: result: /usr/bin/install -c
configure:2580: checking whether build environment is sane
configure:2635: result: yes
configure:2786: checking for a thread-safe mkdir -p
configure:2825: result: /bin/mkdir -p
configure:2832: checking for gawk
configure:2848: found /usr/bin/gawk
configure:2859: result: gawk
configure:2870: checking whether make sets $(MAKE)
configure:2892: result: yes
configure:2921: checking whether make supports nested variables
configure:2938: result: yes
configure:3075: checking whether make supports nested variables
configure:3092: result: yes
configure:3151: checking for gcc
configure:3167: found /usr/bin/gcc
configure:3178: result: gcc
configure:3407: checking for C compiler version
configure:3416: gcc --version >&5
gcc (Debian 6.3.0-18+deb9u1) 6.3.0 20170516
Copyright (C) 2016 Free Software Foundation, Inc.
This is free software; see the source for copying conditions.  There is NO
warranty; not even for MERCHANTABILITY or FITNESS FOR A PARTICULAR PURPOSE.

configure:3427: $? = 0
configure:3416: gcc -v >&5
Using built-in specs.
COLLECT_GCC=gcc
COLLECT_LTO_WRAPPER=/usr/lib/gcc/x86_64-linux-gnu/6/lto-wrapper
Target: x86_64-linux-gnu
Configured with: ../src/configure -v --with-pkgversion='Debian 6.3.0-18+deb9u1' --with-bugurl=file:///usr/share/doc/gcc-6/README.Bugs --enable-languages=c,ada,c++,java,go,d,fortran,objc,obj-c++ --prefix=/usr --program-suffix=-6 --program-prefix=x86_64-linux-gnu- --enable-shared --enable-linker-build-id --libexecdir=/usr/lib --without-included-gettext --enable-threads=posix --libdir=/usr/lib --enable-nls --with-sysroot=/ --enable-clocale=gnu --enable-libstdcxx-debug --enable-libstdcxx-time=yes --with-default-libstdcxx-abi=new --enable-gnu-unique-object --disable-vtable-verify --enable-libmpx --enable-plugin --enable-default-pie --with-system-zlib --disable-browser-plugin --enable-java-awt=gtk --enable-gtk-cairo --with-java-home=/usr/lib/jvm/java-1.5.0-gcj-6-amd64/jre --enable-java-home --with-jvm-root-dir=/usr/lib/jvm/java-1.5.0-gcj-6-amd64 --with-jvm-jar-dir=/usr/lib/jvm-exports/java-1.5.0-gcj-6-amd64 --with-arch-directory=amd64 --with-ecj-jar=/usr/share/java/eclipse-ecj.jar --with-target-system-zlib --enable-objc-gc=auto --enable-multiarch --with-arch-32=i686 --with-abi=m64 --with-multilib-list=m32,m64,mx32 --enable-multilib --with-tune=generic --enable-checking=release --build=x86_64-linux-gnu --host=x86_64-linux-gnu --target=x86_64-linux-gnu
Thread model: posix
gcc version 6.3.0 20170516 (Debian 6.3.0-18+deb9u1) 
configure:3427: $? = 0
configure:3416: gcc -V >&5
gcc: error: unrecognized command line option '-V'
gcc: fatal error: no input files
compilation terminated.
configure:3427: $? = 1
configure:3416: gcc -qversion >&5
gcc: error: unrecognized command line option '-qversion'; did you mean '--version'?
gcc: fatal error: no input files
compilation terminated.
configure:3427: $? = 1
configure:3447: checking whether the C compiler works
configure:3469: gcc    conftest.c  >&5
configure:3473: $? = 0
configure:3521: result: yes
configure:3524: checking for C compiler default output file name
configure:3526: result: a.out
configure:3532: checking for suffix of executables
configure:3539: gcc -o conftest    conftest.c  >&5
configure:3543: $? = 0
configure:3565: result: 
configure:3587: checking whether we are cross compiling
configure:3595: gcc -o conftest    conftest.c  >&5
configure:3599: $? = 0
configure:3606: ./conftest
configure:3610: $? = 0
configure:3625: result: no
configure:3630: checking for suffix of object files
configure:3652: gcc -c   conftest.c >&5
configure:3656: $? = 0
configure:3677: result: o
configure:3681: checking whether we are using the GNU C compiler
configure:3700: gcc -c   conftest.c >&5
configure:3700: $? = 0
configure:3709: result: yes
configure:3718: checking whether gcc accepts -g
configure:3738: gcc -c -g  conftest.c >&5
configure:3738: $? = 0
configure:3779: result: yes
configure:3796: checking for gcc option to accept ISO C89
configure:3859: gcc  -c -g -O2  conftest.c >&5
configure:3859: $? = 0
configure:3872: result: none needed
configure:3897: checking whether gcc understands -c and -o together
configure:3919: gcc -c conftest.c -o conftest2.o
configure:3922: $? = 0
configure:3919: gcc -c conftest.c -o conftest2.o
configure:3922: $? = 0
configure:3934: result: yes
configure:3962: checking for style of include used by make
configure:3990: result: GNU
configure:4016: checking dependency style of gcc
configure:4127: result: gcc3
configure:4147: checking how to run the C preprocessor
configure:4178: gcc -E  conftest.c
configure:4178: $? = 0
configure:4192: gcc -E  conftest.c
conftest.c:11:28: fatal error: ac_nonexistent.h: No such file or directory
 #include <ac_nonexistent.h>
                            ^
compilation terminated.
configure:4192: $? = 1
configure: failed program was:
| /* confdefs.h */
| #define PACKAGE_NAME "rpiclient"
| #define PACKAGE_TARNAME "rpiclient"
| #define PACKAGE_VERSION "0.1"
| #define PACKAGE_STRING "rpiclient 0.1"
| #define PACKAGE_BUGREPORT ""
| #define PACKAGE_URL ""
| #define PACKAGE "rpiclient"
| #define VERSION "0.1"
| /* end confdefs.h.  */
| #include <ac_nonexistent.h>
configure:4217: result: gcc -E
configure:4237: gcc -E  conftest.c
configure:4237: $? = 0
configure:4251: gcc -E  conftest.c
conftest.c:11:28: fatal error: ac_nonexistent.h: No such file or directory
 #include <ac_nonexistent.h>
                            ^
compilation terminated.
configure:4251: $? = 1
configure: failed program was:
| /* confdefs.h */
| #define PACKAGE_NAME "rpiclient"
| #define PACKAGE_TARNAME "rpiclient"
| #define PACKAGE_VERSION "0.1"
| #define PACKAGE_STRING "rpiclient 0.1"
| #define PACKAGE_BUGREPORT ""
| #define PACKAGE_URL ""
| #define PACKAGE "rpiclient"
| #define VERSION "0.1"
| /* end confdefs.h.  */
| #include <ac_nonexistent.h>
configure:4337: checking for g++
configure:4353: found /usr/bin/g++
configure:4364: result: g++
configure:4391: checking for C++ compiler version
configure:4400: g++ --version >&5
g++ (Debian 6.3.0-18+deb9u1) 6.3.0 20170516
Copyright (C) 2016 Free Software Foundation, Inc.
This is free software; see the source for copying conditions.  There is NO
warranty; not even for MERCHANTABILITY or FITNESS FOR A PARTICULAR PURPOSE.

configure:4411: $? = 0
configure:4400: g++ -v >&5
Using built-in specs.
COLLECT_GCC=g++
COLLECT_LTO_WRAPPER=/usr/lib/gcc/x86_64-linux-gnu/6/lto-wrapper
Target: x86_64-linux-gnu
Configured with: ../src/configure -v --with-pkgversion='Debian 6.3.0-18+deb9u1' --with-bugurl=file:///usr/share/doc/gcc-6/README.Bugs --enable-languages=c,ada,c++,java,go,d,fortran,objc,obj-c++ --prefix=/usr --program-suffix=-6 --program-prefix=x86_64-linux-gnu- --enable-shared --enable-linker-build-id --libexecdir=/usr/lib --without-included-gettext --enable-threads=posix --libdir=/usr/lib --enable-nls --with-sysroot=/ --enable-clocale=gnu --enable-libstdcxx-debug --enable-libstdcxx-time=yes --with-default-libstdcxx-abi=new --enable-gnu-unique-object --disable-vtable-verify --enable-libmpx --enable-plugin --enable-default-pie --with-system-zlib --disable-browser-plugin --enable-java-awt=gtk --enable-gtk-cairo --with-java-home=/usr/lib/jvm/java-1.5.0-gcj-6-amd64/jre --enable-java-home --with-jvm-root-dir=/usr/lib/jvm/java-1.5.0-gcj-6-amd64 --with-jvm-jar-dir=/usr/lib/jvm-exports/java-1.5.0-gcj-6-amd64 --with-arch-directory=amd64 --with-ecj-jar=/usr/share/java/eclipse-ecj.jar --with-target-system-zlib --enable-objc-gc=auto --enable-multiarch --with-arch-32=i686 --with-abi=m64 --with-multilib-list=m32,m64,mx32 --enable-multilib --with-tune=generic --enable-checking=release --build=x86_64-linux-gnu --host=x86_64-linux-gnu --target=x86_64-linux-gnu
Thread model: posix
gcc version 6.3.0 20170516 (Debian 6.3.0-18+deb9u1) 
configure:4411: $? = 0
configure:4400: g++ -V >&5
g++: error: unrecognized command line option '-V'
g++: fatal error: no input files
compilation terminated.
configure:4411: $? = 1
configure:4400: g++ -qversion >&5
g++: error: unrecognized command line option '-qversion'; did you mean '--version'?
g++: fatal error: no input files
compilation terminated.
configure:4411: $? = 1
configure:4415: checking whether we are using the GNU C++ compiler
configure:4434: g++ -c   conftest.cpp >&5
configure:4434: $? = 0
configure:4443: result: yes
configure:4452: checking whether g++ accepts -g
configure:4472: g++ -c -g  conftest.cpp >&5
configure:4472: $? = 0
configure:4513: result: yes
configure:4538: checking dependency style of g++
configure:4649: result: gcc3
configure:4666: checking whether NLS is requested
configure:4675: result: yes
configure:4693: checking for intltool >= 0.35.0
configure:4695: result: 0.51.0 found
configure:4703: checking for intltool-update
configure:4721: found /usr/bin/intltool-update
configure:4733: result: /usr/bin/intltool-update
configure:4743: checking for intltool-merge
configure:4761: found /usr/bin/intltool-merge
configure:4773: result: /usr/bin/intltool-merge
configure:4783: checking for intltool-extract
configure:4801: found /usr/bin/intltool-extract
configure:4813: result: /usr/bin/intltool-extract
configure:4967: checking for xgettext
configure:4985: found /usr/bin/xgettext
configure:4997: result: /usr/bin/xgettext
configure:5007: checking for msgmerge
configure:5025: found /usr/bin/msgmerge
configure:5037: result: /usr/bin/msgmerge
configure:5047: checking for msgfmt
configure:5065: found /usr/bin/msgfmt
configure:5077: result: /usr/bin/msgfmt
configure:5087: checking for gmsgfmt
configure:5118: result: /usr/bin/msgfmt
configure:5138: checking for perl
configure:5156: found /usr/bin/perl
configure:5168: result: /usr/bin/perl
configure:5179: checking for perl >= 5.8.1
configure:5186: result: 5.24.1
configure:5190: checking for XML::Parser
configure:5193: result: ok
configure:5215: checking for grep that handles long lines and -e
configure:5273: result: /bin/grep
configure:5278: checking for egrep
configure:5340: result: /bin/grep -E
configure:5345: checking for ANSI C header files
configure:5365: gcc -c -g -O2  conftest.c >&5
configure:5365: $? = 0
configure:5438: gcc -o conftest -g -O2   conftest.c  >&5
configure:5438: $? = 0
configure:5438: ./conftest
configure:5438: $? = 0
configure:5449: result: yes
configure:5462: checking for sys/types.h
configure:5462: gcc -c -g -O2  conftest.c >&5
configure:5462: $? = 0
configure:5462: result: yes
configure:5462: checking for sys/stat.h
configure:5462: gcc -c -g -O2  conftest.c >&5
configure:5462: $? = 0
configure:5462: result: yes
configure:5462: checking for stdlib.h
configure:5462: gcc -c -g -O2  conftest.c >&5
configure:5462: $? = 0
configure:5462: result: yes
configure:5462: checking for string.h
configure:5462: gcc -c -g -O2  conftest.c >&5
configure:5462: $? = 0
configure:5462: result: yes
configure:5462: checking for memory.h
configure:5462: gcc -c -g -O2  conftest.c >&5
configure:5462: $? = 0
configure:5462: result: yes
configure:5462: checking for strings.h
configure:5462: gcc -c -g -O2  conftest.c >&5
configure:5462: $? = 0
configure:5462: result: yes
configure:5462: checking for inttypes.h
configure:5462: gcc -c -g -O2  conftest.c >&5
configure:5462: $? = 0
configure:5462: result: yes
configure:5462: checking for stdint.h
configure:5462: gcc -c -g -O2  conftest.c >&5
configure:5462: $? = 0
configure:5462: result: yes
configure:5462: checking for unistd.h
configure:5462: gcc -c -g -O2  conftest.c >&5
configure:5462: $? = 0
configure:5462: result: yes
configure:5477: checking locale.h usability
configure:5477: gcc -c -g -O2  conftest.c >&5
configure:5477: $? = 0
configure:5477: result: yes
configure:5477: checking locale.h presence
configure:5477: gcc -E  conftest.c
configure:5477: $? = 0
configure:5477: result: yes
configure:5477: checking for locale.h
configure:5477: result: yes
configure:5488: checking for LC_MESSAGES
configure:5504: gcc -o conftest -g -O2   conftest.c  >&5
configure:5504: $? = 0
configure:5512: result: yes
configure:5529: checking libintl.h usability
configure:5529: gcc -c -g -O2  conftest.c >&5
configure:5529: $? = 0
configure:5529: result: yes
configure:5529: checking libintl.h presence
configure:5529: gcc -E  conftest.c
configure:5529: $? = 0
configure:5529: result: yes
configure:5529: checking for libintl.h
configure:5529: result: yes
configure:5537: checking for ngettext in libc
configure:5555: gcc -o conftest -g -O2   conftest.c  >&5
configure:5555: $? = 0
configure:5564: result: yes
configure:5568: checking for dgettext in libc
configure:5586: gcc -o conftest -g -O2   conftest.c  >&5
configure:5586: $? = 0
configure:5595: result: yes
configure:5602: checking for bind_textdomain_codeset
configure:5602: gcc -o conftest -g -O2   conftest.c  >&5
configure:5602: $? = 0
configure:5602: result: yes
configure:5878: checking for msgfmt
configure:5905: result: /usr/bin/msgfmt
configure:5916: checking for dcgettext
configure:5916: gcc -o conftest -g -O2   conftest.c   >&5
conftest.c:49:6: warning: conflicting types for built-in function 'dcgettext'
 char dcgettext ();
      ^~~~~~~~~
configure:5916: $? = 0
configure:5916: result: yes
configure:5926: checking if msgfmt accepts -c
configure:5941: $MSGFMT -c -o /dev/null conftest.foo
conftest.foo:3: warning: header field 'Language' missing in header
configure:5944: $? = 0
configure:5946: result: yes
configure:5956: checking for gmsgfmt
configure:5987: result: /usr/bin/msgfmt
configure:5997: checking for xgettext
configure:6024: result: /usr/bin/xgettext
configure:6043: gcc -o conftest -g -O2   conftest.c   >&5
configure:6043: $? = 0
configure:6211: checking build system type
configure:6225: result: x86_64-unknown-linux-gnu
configure:6245: checking host system type
configure:6258: result: x86_64-unknown-linux-gnu
configure:6299: checking how to print strings
configure:6326: result: printf
configure:6347: checking for a sed that does not truncate output
configure:6411: result: /bin/sed
configure:6429: checking for fgrep
configure:6491: result: /bin/grep -F
configure:6526: checking for ld used by gcc
configure:6593: result: /usr/bin/ld
configure:6600: checking if the linker (/usr/bin/ld) is GNU ld
configure:6615: result: yes
configure:6627: checking for BSD- or MS-compatible name lister (nm)
configure:6681: result: /usr/bin/nm -B
configure:6811: checking the name lister (/usr/bin/nm -B) interface
configure:6818: gcc -c -g -O2  conftest.c >&5
configure:6821: /usr/bin/nm -B "conftest.o"
configure:6824: output
0000000000000000 B some_variable
configure:6831: result: BSD nm
configure:6834: checking whether ln -s works
configure:6838: result: yes
configure:6846: checking the maximum length of command line arguments
configure:6977: result: 1572864
configure:7025: checking how to convert x86_64-unknown-linux-gnu file names to x86_64-unknown-linux-gnu format
configure:7065: result: func_convert_file_noop
configure:7072: checking how to convert x86_64-unknown-linux-gnu file names to toolchain format
configure:7092: result: func_convert_file_noop
configure:7099: checking for /usr/bin/ld option to reload object files
configure:7106: result: -r
configure:7180: checking for objdump
configure:7196: found /usr/bin/objdump
configure:7207: result: objdump
configure:7239: checking how to recognize dependent libraries
configure:7439: result: pass_all
configure:7524: checking for dlltool
configure:7554: result: no
configure:7584: checking how to associate runtime and link libraries
configure:7611: result: printf %s\n
configure:7671: checking for ar
configure:7687: found /usr/bin/ar
configure:7698: result: ar
configure:7735: checking for archiver @FILE support
configure:7752: gcc -c -g -O2  conftest.c >&5
configure:7752: $? = 0
configure:7755: ar cru libconftest.a @conftest.lst >&5
ar: `u' modifier ignored since `D' is the default (see `U')
configure:7758: $? = 0
configure:7763: ar cru libconftest.a @conftest.lst >&5
ar: `u' modifier ignored since `D' is the default (see `U')
ar: conftest.o: No such file or directory
configure:7766: $? = 1
configure:7778: result: @
configure:7836: checking for strip
configure:7852: found /usr/bin/strip
configure:7863: result: strip
configure:7935: checking for ranlib
configure:7951: found /usr/bin/ranlib
configure:7962: result: ranlib
configure:8064: checking command to parse /usr/bin/nm -B output from gcc object
configure:8217: gcc -c -g -O2  conftest.c >&5
configure:8220: $? = 0
configure:8224: /usr/bin/nm -B conftest.o \| sed -n -e 's/^.*[ ]\([ABCDGIRSTW][ABCDGIRSTW]*\)[ ][ ]*\([_A-Za-z][_A-Za-z0-9]*\)$/\1 \2 \2/p' | sed '/ __gnu_lto/d' \> conftest.nm
configure:8227: $? = 0
configure:8293: gcc -o conftest -g -O2   conftest.c conftstm.o >&5
configure:8296: $? = 0
configure:8334: result: ok
configure:8381: checking for sysroot
configure:8411: result: no
configure:8418: checking for a working dd
configure:8456: result: /bin/dd
configure:8460: checking how to truncate binary pipes
configure:8475: result: /bin/dd bs=4096 count=1
configure:8611: gcc -c -g -O2  conftest.c >&5
configure:8614: $? = 0
configure:8804: checking for mt
configure:8820: found /bin/mt
configure:8831: result: mt
configure:8854: checking if mt is a manifest tool
configure:8860: mt '-?'
configure:8868: result: no
configure:9542: checking for dlfcn.h
configure:9542: gcc -c -g -O2  conftest.c >&5
configure:9542: $? = 0
configure:9542: result: yes
configure:9809: checking for objdir
configure:9824: result: .libs
configure:10084: checking if gcc supports -fno-rtti -fno-exceptions
configure:10102: gcc -c -g -O2  -fno-rtti -fno-exceptions conftest.c >&5
cc1: warning: command line option '-fno-rtti' is valid for C++/ObjC++ but not for C
configure:10106: $? = 0
configure:10119: result: no
configure:10477: checking for gcc option to produce PIC
configure:10484: result: -fPIC -DPIC
configure:10492: checking if gcc PIC flag -fPIC -DPIC works
configure:10510: gcc -c -g -O2  -fPIC -DPIC -DPIC conftest.c >&5
configure:10514: $? = 0
configure:10527: result: yes
configure:10556: checking if gcc static flag -static works
configure:10584: result: yes
configure:10599: checking if gcc supports -c -o file.o
configure:10620: gcc -c -g -O2  -o out/conftest2.o conftest.c >&5
configure:10624: $? = 0
configure:10646: result: yes
configure:10654: checking if gcc supports -c -o file.o
configure:10701: result: yes
configure:10734: checking whether the gcc linker (/usr/bin/ld -m elf_x86_64) supports shared libraries
configure:11997: result: yes
configure:12034: checking whether -lc should be explicitly linked in
configure:12042: gcc -c -g -O2  conftest.c >&5
configure:12045: $? = 0
configure:12060: gcc -shared  -fPIC -DPIC conftest.o  -v -Wl,-soname -Wl,conftest -o conftest 2\>\&1 \| /bin/grep  -lc  \>/dev/null 2\>\&1
configure:12063: $? = 0
configure:12077: result: no
configure:12237: checking dynamic linker characteristics
configure:12818: gcc -o conftest -g -O2   -Wl,-rpath -Wl,/foo conftest.c  >&5
configure:12818: $? = 0
configure:13067: result: GNU/Linux ld.so
configure:13189: checking how to hardcode library paths into programs
configure:13214: result: immediate
configure:13762: checking whether stripping libraries is possible
configure:13767: result: yes
configure:13802: checking if libtool supports shared libraries
configure:13804: result: yes
configure:13807: checking whether to build shared libraries
configure:13832: result: yes
configure:13835: checking whether to build static libraries
configure:13839: result: yes
configure:13862: checking how to run the C++ preprocessor
configure:13889: g++ -E  conftest.cpp
configure:13889: $? = 0
configure:13903: g++ -E  conftest.cpp
conftest.cpp:30:28: fatal error: ac_nonexistent.h: No such file or directory
 #include <ac_nonexistent.h>
                            ^
compilation terminated.
configure:13903: $? = 1
configure: failed program was:
| /* confdefs.h */
| #define PACKAGE_NAME "rpiclient"
| #define PACKAGE_TARNAME "rpiclient"
| #define PACKAGE_VERSION "0.1"
| #define PACKAGE_STRING "rpiclient 0.1"
| #define PACKAGE_BUGREPORT ""
| #define PACKAGE_URL ""
| #define PACKAGE "rpiclient"
| #define VERSION "0.1"
| #define GETTEXT_PACKAGE "rpiclient"
| #define STDC_HEADERS 1
| #define HAVE_SYS_TYPES_H 1
| #define HAVE_SYS_STAT_H 1
| #define HAVE_STDLIB_H 1
| #define HAVE_STRING_H 1
| #define HAVE_MEMORY_H 1
| #define HAVE_STRINGS_H 1
| #define HAVE_INTTYPES_H 1
| #define HAVE_STDINT_H 1
| #define HAVE_UNISTD_H 1
| #define HAVE_LOCALE_H 1
| #define HAVE_LC_MESSAGES 1
| #define HAVE_BIND_TEXTDOMAIN_CODESET 1
| #define HAVE_GETTEXT 1
| #define HAVE_DCGETTEXT 1
| #define ENABLE_NLS 1
| #define HAVE_DLFCN_H 1
| #define LT_OBJDIR ".libs/"
| /* end confdefs.h.  */
| #include <ac_nonexistent.h>
configure:13928: result: g++ -E
configure:13948: g++ -E  conftest.cpp
configure:13948: $? = 0
configure:13962: g++ -E  conftest.cpp
conftest.cpp:30:28: fatal error: ac_nonexistent.h: No such file or directory
 #include <ac_nonexistent.h>
                            ^
compilation terminated.
configure:13962: $? = 1
configure: failed program was:
| /* confdefs.h */
| #define PACKAGE_NAME "rpiclient"
| #define PACKAGE_TARNAME "rpiclient"
| #define PACKAGE_VERSION "0.1"
| #define PACKAGE_STRING "rpiclient 0.1"
| #define PACKAGE_BUGREPORT ""
| #define PACKAGE_URL ""
| #define PACKAGE "rpiclient"
| #define VERSION "0.1"
| #define GETTEXT_PACKAGE "rpiclient"
| #define STDC_HEADERS 1
| #define HAVE_SYS_TYPES_H 1
| #define HAVE_SYS_STAT_H 1
| #define HAVE_STDLIB_H 1
| #define HAVE_STRING_H 1
| #define HAVE_MEMORY_H 1
| #define HAVE_STRINGS_H 1
| #define HAVE_INTTYPES_H 1
| #define HAVE_STDINT_H 1
| #define HAVE_UNISTD_H 1
| #define HAVE_LOCALE_H 1
| #define HAVE_LC_MESSAGES 1
| #define HAVE_BIND_TEXTDOMAIN_CODESET 1
| #define HAVE_GETTEXT 1
| #define HAVE_DCGETTEXT 1
| #define ENABLE_NLS 1
| #define HAVE_DLFCN_H 1
| #define LT_OBJDIR ".libs/"
| /* end confdefs.h.  */
| #include <ac_nonexistent.h>
configure:14124: checking for ld used by g++
configure:14191: result: /usr/bin/ld -m elf_x86_64
configure:14198: checking if the linker (/usr/bin/ld -m elf_x86_64) is GNU ld
configure:14213: result: yes
configure:14268: checking whether the g++ linker (/usr/bin/ld -m elf_x86_64) supports shared libraries
configure:15341: result: yes
configure:15377: g++ -c -g -O2  conftest.cpp >&5
configure:15380: $? = 0
configure:15861: checking for g++ option to produce PIC
configure:15868: result: -fPIC -DPIC
configure:15876: checking if g++ PIC flag -fPIC -DPIC works
configure:15894: g++ -c -g -O2  -fPIC -DPIC -DPIC conftest.cpp >&5
configure:15898: $? = 0
configure:15911: result: yes
configure:15934: checking if g++ static flag -static works
configure:15962: result: yes
configure:15974: checking if g++ supports -c -o file.o
configure:15995: g++ -c -g -O2  -o out/conftest2.o conftest.cpp >&5
configure:15999: $? = 0
configure:16021: result: yes
configure:16026: checking if g++ supports -c -o file.o
configure:16073: result: yes
configure:16103: checking whether the g++ linker (/usr/bin/ld -m elf_x86_64) supports shared libraries
configure:16146: result: yes
configure:16287: checking dynamic linker characteristics
configure:17044: result: GNU/Linux ld.so
configure:17109: checking how to hardcode library paths into programs
configure:17134: result: immediate
configure:17249: checking for pkg-config
configure:17267: found /usr/bin/pkg-config
configure:17279: result: /usr/bin/pkg-config
configure:17304: checking pkg-config is at least version 0.9.0
configure:17307: result: yes
configure:17317: checking for RPICLIENT
configure:17324: $PKG_CONFIG --exists --print-errors "gtk+-2.0 "
configure:17327: $? = 0
configure:17341: $PKG_CONFIG --exists --print-errors "gtk+-2.0 "
configure:17344: $? = 0
configure:17402: result: yes
configure:17410: checking for gtk-doc
configure:17413: $PKG_CONFIG --exists --print-errors "$gtk_doc_requires"
configure:17416: $? = 0
configure:17422: result: yes
configure:17436: checking for gtkdoc-check
configure:17452: found /usr/bin/gtkdoc-check
configure:17463: result: gtkdoc-check.test
configure:17473: checking for gtkdoc-check
configure:17491: found /usr/bin/gtkdoc-check
configure:17503: result: /usr/bin/gtkdoc-check
configure:17515: checking for gtkdoc-rebase
configure:17533: found /usr/bin/gtkdoc-rebase
configure:17545: result: /usr/bin/gtkdoc-rebase
configure:17559: checking for gtkdoc-mkpdf
configure:17577: found /usr/bin/gtkdoc-mkpdf
configure:17589: result: /usr/bin/gtkdoc-mkpdf
configure:17617: checking whether to build gtk-doc documentation
configure:17619: result: no
configure:17632: checking for GTKDOC_DEPS
configure:17639: $PKG_CONFIG --exists --print-errors "glib-2.0 >= 2.10.0 gobject-2.0  >= 2.10.0"
configure:17642: $? = 0
configure:17656: $PKG_CONFIG --exists --print-errors "glib-2.0 >= 2.10.0 gobject-2.0  >= 2.10.0"
configure:17659: $? = 0
configure:17697: result: yes
configure:17887: checking that generated files are newer than configure
configure:17893: result: done
configure:17948: creating ./config.status

## ---------------------- ##
## Running config.status. ##
## ---------------------- ##

This file was extended by rpiclient config.status 0.1, which was
generated by GNU Autoconf 2.69.  Invocation command line was

  CONFIG_FILES    = 
  CONFIG_HEADERS  = 
  CONFIG_LINKS    = 
  CONFIG_COMMANDS = 
  $ ./config.status 

on debtux

config.status:1254: creating Makefile
config.status:1254: creating src/Makefile
config.status:1254: creating po/Makefile.in
config.status:1254: creating config.h
config.status:1483: executing depfiles commands
config.status:1483: executing default-1 commands
config.status:1483: executing libtool commands
config.status:1483: executing po/stamp-it commands

## ---------------- ##
## Cache variables. ##
## ---------------- ##

ac_cv_build=x86_64-unknown-linux-gnu
ac_cv_c_compiler_gnu=yes
ac_cv_cxx_compiler_gnu=yes
ac_cv_env_CCC_set=
ac_cv_env_CCC_value=
ac_cv_env_CC_set=
ac_cv_env_CC_value=
ac_cv_env_CFLAGS_set=
ac_cv_env_CFLAGS_value=
ac_cv_env_CPPFLAGS_set=
ac_cv_env_CPPFLAGS_value=
ac_cv_env_CPP_set=
ac_cv_env_CPP_value=
ac_cv_env_CXXCPP_set=
ac_cv_env_CXXCPP_value=
ac_cv_env_CXXFLAGS_set=
ac_cv_env_CXXFLAGS_value=
ac_cv_env_CXX_set=
ac_cv_env_CXX_value=
ac_cv_env_GTKDOC_DEPS_CFLAGS_set=
ac_cv_env_GTKDOC_DEPS_CFLAGS_value=
ac_cv_env_GTKDOC_DEPS_LIBS_set=
ac_cv_env_GTKDOC_DEPS_LIBS_value=
ac_cv_env_LDFLAGS_set=
ac_cv_env_LDFLAGS_value=
ac_cv_env_LIBS_set=
ac_cv_env_LIBS_value=
ac_cv_env_LT_SYS_LIBRARY_PATH_set=
ac_cv_env_LT_SYS_LIBRARY_PATH_value=
ac_cv_env_PKG_CONFIG_LIBDIR_set=
ac_cv_env_PKG_CONFIG_LIBDIR_value=
ac_cv_env_PKG_CONFIG_PATH_set=
ac_cv_env_PKG_CONFIG_PATH_value=
ac_cv_env_PKG_CONFIG_set=
ac_cv_env_PKG_CONFIG_value=
ac_cv_env_RPICLIENT_CFLAGS_set=
ac_cv_env_RPICLIENT_CFLAGS_value=
ac_cv_env_RPICLIENT_LIBS_set=
ac_cv_env_RPICLIENT_LIBS_value=
ac_cv_env_build_alias_set=
ac_cv_env_build_alias_value=
ac_cv_env_host_alias_set=
ac_cv_env_host_alias_value=
ac_cv_env_target_alias_set=
ac_cv_env_target_alias_value=
ac_cv_func_bind_textdomain_codeset=yes
ac_cv_func_dcgettext=yes
ac_cv_header_dlfcn_h=yes
ac_cv_header_inttypes_h=yes
ac_cv_header_libintl_h=yes
ac_cv_header_locale_h=yes
ac_cv_header_memory_h=yes
ac_cv_header_stdc=yes
ac_cv_header_stdint_h=yes
ac_cv_header_stdlib_h=yes
ac_cv_header_string_h=yes
ac_cv_header_strings_h=yes
ac_cv_header_sys_stat_h=yes
ac_cv_header_sys_types_h=yes
ac_cv_header_unistd_h=yes
ac_cv_host=x86_64-unknown-linux-gnu
ac_cv_objext=o
ac_cv_path_EGREP='/bin/grep -E'
ac_cv_path_FGREP='/bin/grep -F'
ac_cv_path_GMSGFMT=/usr/bin/msgfmt
ac_cv_path_GREP=/bin/grep
ac_cv_path_GTKDOC_CHECK_PATH=/usr/bin/gtkdoc-check
ac_cv_path_GTKDOC_MKPDF=/usr/bin/gtkdoc-mkpdf
ac_cv_path_GTKDOC_REBASE=/usr/bin/gtkdoc-rebase
ac_cv_path_INTLTOOL_EXTRACT=/usr/bin/intltool-extract
ac_cv_path_INTLTOOL_MERGE=/usr/bin/intltool-merge
ac_cv_path_INTLTOOL_PERL=/usr/bin/perl
ac_cv_path_INTLTOOL_UPDATE=/usr/bin/intltool-update
ac_cv_path_MSGFMT=/usr/bin/msgfmt
ac_cv_path_MSGMERGE=/usr/bin/msgmerge
ac_cv_path_SED=/bin/sed
ac_cv_path_XGETTEXT=/usr/bin/xgettext
ac_cv_path_ac_pt_PKG_CONFIG=/usr/bin/pkg-config
ac_cv_path_install='/usr/bin/install -c'
ac_cv_path_lt_DD=/bin/dd
ac_cv_path_mkdir=/bin/mkdir
ac_cv_prog_AWK=gawk
ac_cv_prog_CPP='gcc -E'
ac_cv_prog_CXXCPP='g++ -E'
ac_cv_prog_GTKDOC_CHECK=gtkdoc-check.test
ac_cv_prog_ac_ct_AR=ar
ac_cv_prog_ac_ct_CC=gcc
ac_cv_prog_ac_ct_CXX=g++
ac_cv_prog_ac_ct_MANIFEST_TOOL=mt
ac_cv_prog_ac_ct_OBJDUMP=objdump
ac_cv_prog_ac_ct_RANLIB=ranlib
ac_cv_prog_ac_ct_STRIP=strip
ac_cv_prog_cc_c89=
ac_cv_prog_cc_g=yes
ac_cv_prog_cxx_g=yes
ac_cv_prog_make_make_set=yes
am_cv_CC_dependencies_compiler_type=gcc3
am_cv_CXX_dependencies_compiler_type=gcc3
am_cv_make_support_nested_variables=yes
am_cv_prog_cc_c_o=yes
am_cv_val_LC_MESSAGES=yes
gt_cv_func_dgettext_libc=yes
gt_cv_func_dgettext_libintl=no
gt_cv_func_ngettext_libc=yes
gt_cv_have_gettext=yes
lt_cv_ar_at_file=@
lt_cv_archive_cmds_need_lc=no
lt_cv_deplibs_check_method=pass_all
lt_cv_file_magic_cmd='$MAGIC_CMD'
lt_cv_file_magic_test_file=
lt_cv_ld_reload_flag=-r
lt_cv_nm_interface='BSD nm'
lt_cv_objdir=.libs
lt_cv_path_LD=/usr/bin/ld
lt_cv_path_LDCXX='/usr/bin/ld -m elf_x86_64'
lt_cv_path_NM='/usr/bin/nm -B'
lt_cv_path_mainfest_tool=no
lt_cv_prog_compiler_c_o=yes
lt_cv_prog_compiler_c_o_CXX=yes
lt_cv_prog_compiler_pic='-fPIC -DPIC'
lt_cv_prog_compiler_pic_CXX='-fPIC -DPIC'
lt_cv_prog_compiler_pic_works=yes
lt_cv_prog_compiler_pic_works_CXX=yes
lt_cv_prog_compiler_rtti_exceptions=no
lt_cv_prog_compiler_static_works=yes
lt_cv_prog_compiler_static_works_CXX=yes
lt_cv_prog_gnu_ld=yes
lt_cv_prog_gnu_ldcxx=yes
lt_cv_sharedlib_from_linklib_cmd='printf %s\n'
lt_cv_shlibpath_overrides_runpath=yes
lt_cv_sys_global_symbol_pipe='sed -n -e '\''s/^.*[	 ]\([ABCDGIRSTW][ABCDGIRSTW]*\)[	 ][	 ]*\([_A-Za-z][_A-Za-z0-9]*\)$/\1 \2 \2/p'\'' | sed '\''/ __gnu_lto/d'\'''
lt_cv_sys_global_symbol_to_c_name_address='sed -n -e '\''s/^: \(.*\) .*$/  {"\1", (void *) 0},/p'\'' -e '\''s/^[ABCDGIRSTW][ABCDGIRSTW]* .* \(.*\)$/  {"\1", (void *) \&\1},/p'\'''
lt_cv_sys_global_symbol_to_c_name_address_lib_prefix='sed -n -e '\''s/^: \(.*\) .*$/  {"\1", (void *) 0},/p'\'' -e '\''s/^[ABCDGIRSTW][ABCDGIRSTW]* .* \(lib.*\)$/  {"\1", (void *) \&\1},/p'\'' -e '\''s/^[ABCDGIRSTW][ABCDGIRSTW]* .* \(.*\)$/  {"lib\1", (void *) \&\1},/p'\'''
lt_cv_sys_global_symbol_to_cdecl='sed -n -e '\''s/^T .* \(.*\)$/extern int \1();/p'\'' -e '\''s/^[ABCDGIRSTW][ABCDGIRSTW]* .* \(.*\)$/extern char \1;/p'\'''
lt_cv_sys_global_symbol_to_import=
lt_cv_sys_max_cmd_len=1572864
lt_cv_to_host_file_cmd=func_convert_file_noop
lt_cv_to_tool_file_cmd=func_convert_file_noop
lt_cv_truncate_bin='/bin/dd bs=4096 count=1'
pkg_cv_GTKDOC_DEPS_CFLAGS='-I/usr/include/glib-2.0 -I/usr/lib/x86_64-linux-gnu/glib-2.0/include'
pkg_cv_GTKDOC_DEPS_LIBS='-lgobject-2.0 -lglib-2.0'
pkg_cv_RPICLIENT_CFLAGS='-pthread -I/usr/include/gtk-2.0 -I/usr/lib/x86_64-linux-gnu/gtk-2.0/include -I/usr/include/gio-unix-2.0/ -I/usr/include/cairo -I/usr/include/pango-1.0 -I/usr/include/atk-1.0 -I/usr/include/cairo -I/usr/include/pixman-1 -I/usr/include/libpng16 -I/usr/include/gdk-pixbuf-2.0 -I/usr/include/libpng16 -I/usr/include/pango-1.0 -I/usr/include/harfbuzz -I/usr/include/pango-1.0 -I/usr/include/glib-2.0 -I/usr/lib/x86_64-linux-gnu/glib-2.0/include -I/usr/include/freetype2'
pkg_cv_RPICLIENT_LIBS='-lgtk-x11-2.0 -lgdk-x11-2.0 -lpangocairo-1.0 -latk-1.0 -lcairo -lgdk_pixbuf-2.0 -lgio-2.0 -lpangoft2-1.0 -lpango-1.0 -lgobject-2.0 -lglib-2.0 -lfontconfig -lfreetype'

## ----------------- ##
## Output variables. ##
## ----------------- ##

ACLOCAL='${SHELL} /data/dev/cc++/3_gtk/rpiclient-gtk/github/rpiclient-gtk/rpiclient/missing aclocal-1.15'
ALL_LINGUAS=''
AMDEPBACKSLASH='\'
AMDEP_FALSE='#'
AMDEP_TRUE=''
AMTAR='$${TAR-tar}'
AM_BACKSLASH='\'
AM_DEFAULT_V='$(AM_DEFAULT_VERBOSITY)'
AM_DEFAULT_VERBOSITY='0'
AM_V='$(V)'
AR='ar'
AUTOCONF='${SHELL} /data/dev/cc++/3_gtk/rpiclient-gtk/github/rpiclient-gtk/rpiclient/missing autoconf'
AUTOHEADER='${SHELL} /data/dev/cc++/3_gtk/rpiclient-gtk/github/rpiclient-gtk/rpiclient/missing autoheader'
AUTOMAKE='${SHELL} /data/dev/cc++/3_gtk/rpiclient-gtk/github/rpiclient-gtk/rpiclient/missing automake-1.15'
AWK='gawk'
CATALOGS=''
CATOBJEXT='.gmo'
CC='gcc'
CCDEPMODE='depmode=gcc3'
CFLAGS='-g -O2'
CPP='gcc -E'
CPPFLAGS=''
CXX='g++'
CXXCPP='g++ -E'
CXXDEPMODE='depmode=gcc3'
CXXFLAGS='-g -O2'
CYGPATH_W='echo'
DATADIRNAME='share'
DEFS='-DHAVE_CONFIG_H'
DEPDIR='.deps'
DLLTOOL='false'
DSYMUTIL=''
DUMPBIN=''
ECHO_C=''
ECHO_N='-n'
ECHO_T=''
EGREP='/bin/grep -E'
ENABLE_GTK_DOC_FALSE=''
ENABLE_GTK_DOC_TRUE='#'
EXEEXT=''
FGREP='/bin/grep -F'
GETTEXT_PACKAGE='rpiclient'
GMOFILES=''
GMSGFMT='/usr/bin/msgfmt'
GREP='/bin/grep'
GTKDOC_CHECK='gtkdoc-check.test'
GTKDOC_CHECK_PATH='/usr/bin/gtkdoc-check'
GTKDOC_DEPS_CFLAGS='-I/usr/include/glib-2.0 -I/usr/lib/x86_64-linux-gnu/glib-2.0/include'
GTKDOC_DEPS_LIBS='-lgobject-2.0 -lglib-2.0'
GTKDOC_MKPDF='/usr/bin/gtkdoc-mkpdf'
GTKDOC_REBASE='/usr/bin/gtkdoc-rebase'
GTK_DOC_BUILD_HTML_FALSE='#'
GTK_DOC_BUILD_HTML_TRUE=''
GTK_DOC_BUILD_PDF_FALSE=''
GTK_DOC_BUILD_PDF_TRUE='#'
GTK_DOC_USE_LIBTOOL_FALSE='#'
GTK_DOC_USE_LIBTOOL_TRUE=''
GTK_DOC_USE_REBASE_FALSE='#'
GTK_DOC_USE_REBASE_TRUE=''
HAVE_GTK_DOC_FALSE='#'
HAVE_GTK_DOC_TRUE=''
HTML_DIR='${datadir}/gtk-doc/html'
INSTALL_DATA='${INSTALL} -m 644'
INSTALL_PROGRAM='${INSTALL}'
INSTALL_SCRIPT='${INSTALL}'
INSTALL_STRIP_PROGRAM='$(install_sh) -c -s'
INSTOBJEXT='.mo'
INTLLIBS=''
INTLTOOL_CAVES_RULE='%.caves:     %.caves.in     $(INTLTOOL_MERGE) $(wildcard $(top_srcdir)/po/*.po) ; $(INTLTOOL_V_MERGE)LC_ALL=C $(INTLTOOL_MERGE) $(INTLTOOL_V_MERGE_OPTIONS) -d -u -c $(top_builddir)/po/.intltool-merge-cache $(top_srcdir)/po $< $@'
INTLTOOL_DESKTOP_RULE='%.desktop:   %.desktop.in   $(INTLTOOL_MERGE) $(wildcard $(top_srcdir)/po/*.po) ; $(INTLTOOL_V_MERGE)LC_ALL=C $(INTLTOOL_MERGE) $(INTLTOOL_V_MERGE_OPTIONS) -d -u -c $(top_builddir)/po/.intltool-merge-cache $(top_srcdir)/po $< $@'
INTLTOOL_DIRECTORY_RULE='%.directory: %.directory.in $(INTLTOOL_MERGE) $(wildcard $(top_srcdir)/po/*.po) ; $(INTLTOOL_V_MERGE)LC_ALL=C $(INTLTOOL_MERGE) $(INTLTOOL_V_MERGE_OPTIONS) -d -u -c $(top_builddir)/po/.intltool-merge-cache $(top_srcdir)/po $< $@'
INTLTOOL_EXTRACT='/usr/bin/intltool-extract'
INTLTOOL_KBD_RULE='%.kbd:       %.kbd.in       $(INTLTOOL_MERGE) $(wildcard $(top_srcdir)/po/*.po) ; $(INTLTOOL_V_MERGE)LC_ALL=C $(INTLTOOL_MERGE) $(INTLTOOL_V_MERGE_OPTIONS) -x -u -m -c $(top_builddir)/po/.intltool-merge-cache $(top_srcdir)/po $< $@'
INTLTOOL_KEYS_RULE='%.keys:      %.keys.in      $(INTLTOOL_MERGE) $(wildcard $(top_srcdir)/po/*.po) ; $(INTLTOOL_V_MERGE)LC_ALL=C $(INTLTOOL_MERGE) $(INTLTOOL_V_MERGE_OPTIONS) -k -u -c $(top_builddir)/po/.intltool-merge-cache $(top_srcdir)/po $< $@'
INTLTOOL_MERGE='/usr/bin/intltool-merge'
INTLTOOL_OAF_RULE='%.oaf:       %.oaf.in       $(INTLTOOL_MERGE) $(wildcard $(top_srcdir)/po/*.po) ; $(INTLTOOL_V_MERGE)LC_ALL=C $(INTLTOOL_MERGE) $(INTLTOOL_V_MERGE_OPTIONS) -o -p $(top_srcdir)/po $< $@'
INTLTOOL_PERL='/usr/bin/perl'
INTLTOOL_POLICY_RULE='%.policy:    %.policy.in    $(INTLTOOL_MERGE) $(wildcard $(top_srcdir)/po/*.po) ; $(INTLTOOL_V_MERGE)LC_ALL=C $(INTLTOOL_MERGE) $(INTLTOOL_V_MERGE_OPTIONS) -x -u -c $(top_builddir)/po/.intltool-merge-cache $(top_srcdir)/po $< $@'
INTLTOOL_PONG_RULE='%.pong:      %.pong.in      $(INTLTOOL_MERGE) $(wildcard $(top_srcdir)/po/*.po) ; $(INTLTOOL_V_MERGE)LC_ALL=C $(INTLTOOL_MERGE) $(INTLTOOL_V_MERGE_OPTIONS) -x -u -c $(top_builddir)/po/.intltool-merge-cache $(top_srcdir)/po $< $@'
INTLTOOL_PROP_RULE='%.prop:      %.prop.in      $(INTLTOOL_MERGE) $(wildcard $(top_srcdir)/po/*.po) ; $(INTLTOOL_V_MERGE)LC_ALL=C $(INTLTOOL_MERGE) $(INTLTOOL_V_MERGE_OPTIONS) -d -u -c $(top_builddir)/po/.intltool-merge-cache $(top_srcdir)/po $< $@'
INTLTOOL_SCHEMAS_RULE='%.schemas:   %.schemas.in   $(INTLTOOL_MERGE) $(wildcard $(top_srcdir)/po/*.po) ; $(INTLTOOL_V_MERGE)LC_ALL=C $(INTLTOOL_MERGE) $(INTLTOOL_V_MERGE_OPTIONS) -s -u -c $(top_builddir)/po/.intltool-merge-cache $(top_srcdir)/po $< $@'
INTLTOOL_SERVER_RULE='%.server:    %.server.in    $(INTLTOOL_MERGE) $(wildcard $(top_srcdir)/po/*.po) ; $(INTLTOOL_V_MERGE)LC_ALL=C $(INTLTOOL_MERGE) $(INTLTOOL_V_MERGE_OPTIONS) -o -u -c $(top_builddir)/po/.intltool-merge-cache $(top_srcdir)/po $< $@'
INTLTOOL_SERVICE_RULE='%.service: %.service.in   $(INTLTOOL_MERGE) $(wildcard $(top_srcdir)/po/*.po) ; $(INTLTOOL_V_MERGE)LC_ALL=C $(INTLTOOL_MERGE) $(INTLTOOL_V_MERGE_OPTIONS) -d -u -c $(top_builddir)/po/.intltool-merge-cache $(top_srcdir)/po $< $@'
INTLTOOL_SHEET_RULE='%.sheet:     %.sheet.in     $(INTLTOOL_MERGE) $(wildcard $(top_srcdir)/po/*.po) ; $(INTLTOOL_V_MERGE)LC_ALL=C $(INTLTOOL_MERGE) $(INTLTOOL_V_MERGE_OPTIONS) -x -u -c $(top_builddir)/po/.intltool-merge-cache $(top_srcdir)/po $< $@'
INTLTOOL_SOUNDLIST_RULE='%.soundlist: %.soundlist.in $(INTLTOOL_MERGE) $(wildcard $(top_srcdir)/po/*.po) ; $(INTLTOOL_V_MERGE)LC_ALL=C $(INTLTOOL_MERGE) $(INTLTOOL_V_MERGE_OPTIONS) -d -u -c $(top_builddir)/po/.intltool-merge-cache $(top_srcdir)/po $< $@'
INTLTOOL_THEME_RULE='%.theme:     %.theme.in     $(INTLTOOL_MERGE) $(wildcard $(top_srcdir)/po/*.po) ; $(INTLTOOL_V_MERGE)LC_ALL=C $(INTLTOOL_MERGE) $(INTLTOOL_V_MERGE_OPTIONS) -d -u -c $(top_builddir)/po/.intltool-merge-cache $(top_srcdir)/po $< $@'
INTLTOOL_UI_RULE='%.ui:        %.ui.in        $(INTLTOOL_MERGE) $(wildcard $(top_srcdir)/po/*.po) ; $(INTLTOOL_V_MERGE)LC_ALL=C $(INTLTOOL_MERGE) $(INTLTOOL_V_MERGE_OPTIONS) -x -u -c $(top_builddir)/po/.intltool-merge-cache $(top_srcdir)/po $< $@'
INTLTOOL_UPDATE='/usr/bin/intltool-update'
INTLTOOL_V_MERGE='$(INTLTOOL__v_MERGE_$(V))'
INTLTOOL_V_MERGE_OPTIONS='$(intltool__v_merge_options_$(V))'
INTLTOOL_XAM_RULE='%.xam:       %.xml.in       $(INTLTOOL_MERGE) $(wildcard $(top_srcdir)/po/*.po) ; $(INTLTOOL_V_MERGE)LC_ALL=C $(INTLTOOL_MERGE) $(INTLTOOL_V_MERGE_OPTIONS) -x -u -c $(top_builddir)/po/.intltool-merge-cache $(top_srcdir)/po $< $@'
INTLTOOL_XML_NOMERGE_RULE='%.xml:       %.xml.in       $(INTLTOOL_MERGE) ; $(INTLTOOL_V_MERGE)LC_ALL=C $(INTLTOOL_MERGE) $(INTLTOOL_V_MERGE_OPTIONS) -x -u --no-translations $< $@'
INTLTOOL_XML_RULE='%.xml:       %.xml.in       $(INTLTOOL_MERGE) $(wildcard $(top_srcdir)/po/*.po) ; $(INTLTOOL_V_MERGE)LC_ALL=C $(INTLTOOL_MERGE) $(INTLTOOL_V_MERGE_OPTIONS) -x -u -c $(top_builddir)/po/.intltool-merge-cache $(top_srcdir)/po $< $@'
INTLTOOL__v_MERGE_0='@echo "  ITMRG " $@;'
INTLTOOL__v_MERGE_='$(INTLTOOL__v_MERGE_$(AM_DEFAULT_VERBOSITY))'
LD='/usr/bin/ld -m elf_x86_64'
LDFLAGS=''
LIBOBJS=''
LIBS=''
LIBTOOL='$(SHELL) $(top_builddir)/libtool'
LIPO=''
LN_S='ln -s'
LTLIBOBJS=''
LT_SYS_LIBRARY_PATH=''
MAKEINFO='${SHELL} /data/dev/cc++/3_gtk/rpiclient-gtk/github/rpiclient-gtk/rpiclient/missing makeinfo'
MANIFEST_TOOL=':'
MKDIR_P='/bin/mkdir -p'
MKINSTALLDIRS='./mkinstalldirs'
MSGFMT='/usr/bin/msgfmt'
MSGFMT_OPTS='-c'
MSGMERGE='/usr/bin/msgmerge'
NM='/usr/bin/nm -B'
NMEDIT=''
OBJDUMP='objdump'
OBJEXT='o'
OTOOL64=''
OTOOL=''
PACKAGE='rpiclient'
PACKAGE_BUGREPORT=''
PACKAGE_NAME='rpiclient'
PACKAGE_STRING='rpiclient 0.1'
PACKAGE_TARNAME='rpiclient'
PACKAGE_URL=''
PACKAGE_VERSION='0.1'
PATH_SEPARATOR=':'
PKG_CONFIG='/usr/bin/pkg-config'
PKG_CONFIG_LIBDIR=''
PKG_CONFIG_PATH=''
POFILES=''
POSUB='po'
PO_IN_DATADIR_FALSE=''
PO_IN_DATADIR_TRUE=''
RANLIB='ranlib'
RPICLIENT_CFLAGS='-pthread -I/usr/include/gtk-2.0 -I/usr/lib/x86_64-linux-gnu/gtk-2.0/include -I/usr/include/gio-unix-2.0/ -I/usr/include/cairo -I/usr/include/pango-1.0 -I/usr/include/atk-1.0 -I/usr/include/cairo -I/usr/include/pixman-1 -I/usr/include/libpng16 -I/usr/include/gdk-pixbuf-2.0 -I/usr/include/libpng16 -I/usr/include/pango-1.0 -I/usr/include/harfbuzz -I/usr/include/pango-1.0 -I/usr/include/glib-2.0 -I/usr/lib/x86_64-linux-gnu/glib-2.0/include -I/usr/include/freetype2'
RPICLIENT_LIBS='-lgtk-x11-2.0 -lgdk-x11-2.0 -lpangocairo-1.0 -latk-1.0 -lcairo -lgdk_pixbuf-2.0 -lgio-2.0 -lpangoft2-1.0 -lpango-1.0 -lgobject-2.0 -lglib-2.0 -lfontconfig -lfreetype'
SED='/bin/sed'
SET_MAKE=''
SHELL='/bin/bash'
STRIP='strip'
USE_NLS='yes'
VERSION='0.1'
XGETTEXT='/usr/bin/xgettext'
ac_ct_AR='ar'
ac_ct_CC='gcc'
ac_ct_CXX='g++'
ac_ct_DUMPBIN=''
am__EXEEXT_FALSE=''
am__EXEEXT_TRUE='#'
am__fastdepCC_FALSE='#'
am__fastdepCC_TRUE=''
am__fastdepCXX_FALSE='#'
am__fastdepCXX_TRUE=''
am__include='include'
am__isrc=''
am__leading_dot='.'
am__nodep='_no'
am__quote=''
am__tar='$${TAR-tar} chof - "$$tardir"'
am__untar='$${TAR-tar} xf -'
bindir='${exec_prefix}/bin'
build='x86_64-unknown-linux-gnu'
build_alias=''
build_cpu='x86_64'
build_os='linux-gnu'
build_vendor='unknown'
datadir='${datarootdir}'
datarootdir='${prefix}/share'
docdir='${datarootdir}/doc/${PACKAGE_TARNAME}'
dvidir='${docdir}'
exec_prefix='${prefix}'
host='x86_64-unknown-linux-gnu'
host_alias=''
host_cpu='x86_64'
host_os='linux-gnu'
host_vendor='unknown'
htmldir='${docdir}'
includedir='${prefix}/include'
infodir='${datarootdir}/info'
install_sh='${SHELL} /data/dev/cc++/3_gtk/rpiclient-gtk/github/rpiclient-gtk/rpiclient/install-sh'
intltool__v_merge_options_0='-q'
intltool__v_merge_options_='$(intltool__v_merge_options_$(AM_DEFAULT_VERBOSITY))'
libdir='${exec_prefix}/lib'
libexecdir='${exec_prefix}/libexec'
localedir='${datarootdir}/locale'
localstatedir='${prefix}/var'
mandir='${datarootdir}/man'
mkdir_p='$(MKDIR_P)'
oldincludedir='/usr/include'
pdfdir='${docdir}'
prefix='/usr/local'
program_transform_name='s,x,x,'
psdir='${docdir}'
runstatedir='${localstatedir}/run'
sbindir='${exec_prefix}/sbin'
sharedstatedir='${prefix}/com'
sysconfdir='${prefix}/etc'
target_alias=''

## ----------- ##
## confdefs.h. ##
## ----------- ##

/* confdefs.h */
#define PACKAGE_NAME "rpiclient"
#define PACKAGE_TARNAME "rpiclient"
#define PACKAGE_VERSION "0.1"
#define PACKAGE_STRING "rpiclient 0.1"
#define PACKAGE_BUGREPORT ""
#define PACKAGE_URL ""
#define PACKAGE "rpiclient"
#define VERSION "0.1"
#define GETTEXT_PACKAGE "rpiclient"
#define STDC_HEADERS 1
#define HAVE_SYS_TYPES_H 1
#define HAVE_SYS_STAT_H 1
#define HAVE_STDLIB_H 1
#define HAVE_STRING_H 1
#define HAVE_MEMORY_H 1
#define HAVE_STRINGS_H 1
#define HAVE_INTTYPES_H 1
#define HAVE_STDINT_H 1
#define HAVE_UNISTD_H 1
#define HAVE_LOCALE_H 1
#define HAVE_LC_MESSAGES 1
#define HAVE_BIND_TEXTDOMAIN_CODESET 1
#define HAVE_GETTEXT 1
#define HAVE_DCGETTEXT 1
#define ENABLE_NLS 1
#define HAVE_DLFCN_H 1
#define LT_OBJDIR ".libs/"

configure: exit 0
